0 info it worked if it ends with ok
1 verbose cli [ 'C:\\personal\\ramiz_java_work\\xnodejs\\node.exe',
1 verbose cli   'C:\\personal\\ramiz_java_work\\xnodejs\\node_modules\\npm\\bin\\npm-cli.js',
1 verbose cli   'install',
1 verbose cli   '-g',
1 verbose cli   'typescript' ]
2 info using npm@3.10.10
3 info using node@v6.11.0
4 silly loadCurrentTree Starting
5 silly install loadCurrentTree
6 silly install readGlobalPackageData
7 silly fetchPackageMetaData typescript
8 silly fetchNamedPackageData typescript
9 silly mapToRegistry name typescript
10 silly mapToRegistry using default registry
11 silly mapToRegistry registry https://registry.npmjs.org/
12 silly mapToRegistry data Result {
12 silly mapToRegistry   raw: 'typescript',
12 silly mapToRegistry   scope: null,
12 silly mapToRegistry   escapedName: 'typescript',
12 silly mapToRegistry   name: 'typescript',
12 silly mapToRegistry   rawSpec: '',
12 silly mapToRegistry   spec: 'latest',
12 silly mapToRegistry   type: 'tag' }
13 silly mapToRegistry uri https://registry.npmjs.org/typescript
14 verbose request uri https://registry.npmjs.org/typescript
15 verbose request no auth needed
16 info attempt registry request try #1 at 11:43:44 PM
17 verbose request id 934ee6deb3c90166
18 http request GET https://registry.npmjs.org/typescript
19 http 200 https://registry.npmjs.org/typescript
20 verbose headers { 'content-type': 'application/json; charset=UTF-8',
20 verbose headers   server: 'UploadServer',
20 verbose headers   'cache-control': 'max-age=300',
20 verbose headers   'last-modified': 'Sat, 14 Apr 2018 7:24:23 GMT',
20 verbose headers   etag: '"5ad1aca7-2917ce"',
20 verbose headers   'x-npm-region': 'Asia-South',
20 verbose headers   'content-encoding': 'gzip',
20 verbose headers   'content-length': '134329',
20 verbose headers   'accept-ranges': 'bytes',
20 verbose headers   date: 'Sat, 14 Apr 2018 18:13:46 GMT',
20 verbose headers   via: '1.1 varnish',
20 verbose headers   age: '9946',
20 verbose headers   connection: 'keep-alive',
20 verbose headers   'x-served-by': 'cache-bom18220-BOM',
20 verbose headers   'x-cache': 'HIT',
20 verbose headers   'x-cache-hits': '16',
20 verbose headers   'x-timer': 'S1523729626.375884,VS0,VE0',
20 verbose headers   vary: 'Accept-Encoding, Accept' }
21 silly get cb [ 200,
21 silly get   { 'content-type': 'application/json; charset=UTF-8',
21 silly get     server: 'UploadServer',
21 silly get     'cache-control': 'max-age=300',
21 silly get     'last-modified': 'Sat, 14 Apr 2018 7:24:23 GMT',
21 silly get     etag: '"5ad1aca7-2917ce"',
21 silly get     'x-npm-region': 'Asia-South',
21 silly get     'content-encoding': 'gzip',
21 silly get     'content-length': '134329',
21 silly get     'accept-ranges': 'bytes',
21 silly get     date: 'Sat, 14 Apr 2018 18:13:46 GMT',
21 silly get     via: '1.1 varnish',
21 silly get     age: '9946',
21 silly get     connection: 'keep-alive',
21 silly get     'x-served-by': 'cache-bom18220-BOM',
21 silly get     'x-cache': 'HIT',
21 silly get     'x-cache-hits': '16',
21 silly get     'x-timer': 'S1523729626.375884,VS0,VE0',
21 silly get     vary: 'Accept-Encoding, Accept' } ]
22 verbose get saving typescript to C:\Users\mominram\AppData\Roaming\npm-cache\registry.npmjs.org\typescript\.cache.json
23 verbose correctMkdir C:\Users\mominram\AppData\Roaming\npm-cache correctMkdir not in flight; initializing
24 silly install normalizeTree
25 silly loadCurrentTree Finishing
26 silly loadIdealTree Starting
27 silly install loadIdealTree
28 silly cloneCurrentTree Starting
29 silly install cloneCurrentTreeToIdealTree
30 silly cloneCurrentTree Finishing
31 silly loadShrinkwrap Starting
32 silly install loadShrinkwrap
33 silly loadShrinkwrap Finishing
34 silly loadAllDepsIntoIdealTree Starting
35 silly install loadAllDepsIntoIdealTree
36 silly resolveWithNewModule typescript@2.8.1 checking installable status
37 silly cache add args [ 'typescript', null ]
38 verbose cache add spec typescript
39 silly cache add parsed spec Result {
39 silly cache add   raw: 'typescript',
39 silly cache add   scope: null,
39 silly cache add   escapedName: 'typescript',
39 silly cache add   name: 'typescript',
39 silly cache add   rawSpec: '',
39 silly cache add   spec: 'latest',
39 silly cache add   type: 'tag' }
40 silly addNamed typescript@latest
41 verbose addNamed "latest" is being treated as a dist-tag for typescript
42 info addNameTag [ 'typescript', 'latest' ]
43 silly mapToRegistry name typescript
44 silly mapToRegistry using default registry
45 silly mapToRegistry registry https://registry.npmjs.org/
46 silly mapToRegistry data Result {
46 silly mapToRegistry   raw: 'typescript',
46 silly mapToRegistry   scope: null,
46 silly mapToRegistry   escapedName: 'typescript',
46 silly mapToRegistry   name: 'typescript',
46 silly mapToRegistry   rawSpec: '',
46 silly mapToRegistry   spec: 'latest',
46 silly mapToRegistry   type: 'tag' }
47 silly mapToRegistry uri https://registry.npmjs.org/typescript
48 verbose addNameTag registry:https://registry.npmjs.org/typescript not in flight; fetching
49 verbose get https://registry.npmjs.org/typescript not expired, no request
50 silly addNameTag next cb for typescript with tag latest
51 silly addNamed typescript@2.8.1
52 verbose addNamed "2.8.1" is a plain semver version for typescript
53 silly mapToRegistry name typescript
54 silly mapToRegistry using default registry
55 silly mapToRegistry registry https://registry.npmjs.org/
56 silly mapToRegistry data Result {
56 silly mapToRegistry   raw: 'typescript',
56 silly mapToRegistry   scope: null,
56 silly mapToRegistry   escapedName: 'typescript',
56 silly mapToRegistry   name: 'typescript',
56 silly mapToRegistry   rawSpec: '',
56 silly mapToRegistry   spec: 'latest',
56 silly mapToRegistry   type: 'tag' }
57 silly mapToRegistry uri https://registry.npmjs.org/typescript
58 verbose addRemoteTarball https://registry.npmjs.org/typescript/-/typescript-2.8.1.tgz not in flight; adding
59 verbose addRemoteTarball [ 'https://registry.npmjs.org/typescript/-/typescript-2.8.1.tgz',
59 verbose addRemoteTarball   '6160e4f8f195d5ba81d4876f9c0cc1fbc0820624' ]
60 info retry fetch attempt 1 at 11:43:53 PM
61 info attempt registry request try #1 at 11:43:53 PM
62 http fetch GET https://registry.npmjs.org/typescript/-/typescript-2.8.1.tgz
63 http fetch 200 https://registry.npmjs.org/typescript/-/typescript-2.8.1.tgz
64 verbose stack Error: kill ENOSYS
64 verbose stack     at exports._errnoException (util.js:1018:11)
64 verbose stack     at process.kill (internal/process.js:190:13)
64 verbose stack     at process.listener (C:\personal\ramiz_java_work\xnodejs\node_modules\npm\node_modules\npmlog\node_modules\gauge\node_modules\signal-exit\index.js:86:15)
64 verbose stack     at emitNone (events.js:91:20)
64 verbose stack     at process.emit (events.js:185:7)
64 verbose stack     at processEmit (C:\personal\ramiz_java_work\xnodejs\node_modules\npm\node_modules\npmlog\node_modules\gauge\node_modules\signal-exit\index.js:146:32)
64 verbose stack     at processEmit (C:\personal\ramiz_java_work\xnodejs\node_modules\npm\node_modules\npm-registry-client\node_modules\npmlog\node_modules\gauge\node_modules\signal-exit\index.js:146:32)
64 verbose stack     at Signal.wrap.onsignal (internal/process.js:217:44)
65 verbose cwd C:\personal\ramiz_git_work\ramizJavaProject\WebContent
66 error Windows_NT 6.1.7601
67 error argv "C:\\personal\\ramiz_java_work\\xnodejs\\node.exe" "C:\\personal\\ramiz_java_work\\xnodejs\\node_modules\\npm\\bin\\npm-cli.js" "install" "-g" "typescript"
68 error node v6.11.0
69 error npm  v3.10.10
70 error code ENOSYS
71 error errno ENOSYS
72 error syscall kill
73 error kill ENOSYS
74 error If you need help, you may report this error at:
74 error     <https://github.com/npm/npm/issues>
75 verbose exit [ 1, true ]
